<?xml version="1.0" encoding="UTF-8"?>
<!-- Generated by org.testng.reporters.JUnitReportReporter -->
<testsuite skipped="0" hostname="DESKTOP-OOQP6OA" name="olympics.OlympicsMedals" tests="5" failures="0" timestamp="03 Jul 2018 04:00:28 GMT" time="7.098" errors="0">
  <testcase name="firstTest" time="0.587" classname="olympics.OlympicsMedals"/>
  <testcase name="secondTest" time="3.404" classname="olympics.OlympicsMedals"/>
  <testcase name="thirdTest" time="1.753" classname="olympics.OlympicsMedals"/>
  <testcase name="fourthTest" time="0.798" classname="olympics.OlympicsMedals"/>
  <testcase name="fifthTest" time="0.556" classname="olympics.OlympicsMedals"/>
</testsuite> <!-- olympics.OlympicsMedals -->
